Command line:
   clock_tb_isim_beh.exe
     -simmode  gui
     -simrunnum  0
     -socket  55516

Fri Dec 16 00:30:58 2016


 Elaboration Time: 0.0625 sec

 Current Memory Usage: 836.764 Meg

 Total Signals          : 611
 Total Nets             : 809
 Total Signal Drivers   : 254
 Total Blocks           : 49
 Total Primitive Blocks : 34
 Total Processes        : 199
 Total Traceable Variables  : 25
 Total Scalar Nets and Variables : 1319
Total Line Count : 619

 Total Simulation Time: 0.375 sec

 Current Memory Usage: 364.904 Meg

Fri Dec 16 10:49:53 2016

