--------------------------------------------------------------------------------
Release 14.4 Trace  (nt64)
Copyright (c) 1995-2012 Xilinx, Inc.  All rights reserved.

D:\Xilinx\14.4\ISE_DS\ISE\bin\nt64\unwrapped\trce.exe -intstyle ise -v 3 -s 3
-n 3 -fastpaths -xml clock.twx clock.ncd -o clock.twr clock.pcf -ucf
BCD7segmDec_UCF.ucf

Design file:              clock.ncd
Physical constraint file: clock.pcf
Device,package,speed:     xc6slx16,csg324,C,-3 (PRODUCTION 1.23 2012-12-04)
Report level:             verbose report

Environment Variable      Effect 
--------------------      ------ 
NONE                      No environment variables were set
--------------------------------------------------------------------------------

INFO:Timing:2698 - No timing constraints found, doing default enumeration.
INFO:Timing:3412 - To improve timing, see the Timing Closure User Guide (UG612).
INFO:Timing:2752 - To get complete path coverage, use the unconstrained paths 
   option. All paths that are not constrained will be reported in the 
   unconstrained paths section(s) of the report.
INFO:Timing:3339 - The clock-to-out numbers in this timing report are based on 
   a 50 Ohm transmission line loading model.  For the details of this model, 
   and for more information on accounting for different loading conditions, 
   please see the device datasheet.



Data Sheet report:
-----------------
All values displayed in nanoseconds (ns)

Setup/Hold to clock sysclk
------------+------------+------------+------------+------------+------------------+--------+
            |Max Setup to|  Process   |Max Hold to |  Process   |                  | Clock  |
Source      | clk (edge) |   Corner   | clk (edge) |   Corner   |Internal Clock(s) | Phase  |
------------+------------+------------+------------+------------+------------------+--------+
btn_c       |    0.791(R)|      FAST  |   -0.170(R)|      SLOW  |sysclk_BUFGP      |   0.000|
btn_d       |    1.328(R)|      FAST  |   -0.809(R)|      SLOW  |sysclk_BUFGP      |   0.000|
btn_l       |    1.469(R)|      SLOW  |   -0.914(R)|      FAST  |sysclk_BUFGP      |   0.000|
btn_r       |    1.229(R)|      SLOW  |   -0.709(R)|      SLOW  |sysclk_BUFGP      |   0.000|
btn_u       |    0.985(R)|      FAST  |   -0.411(R)|      SLOW  |sysclk_BUFGP      |   0.000|
------------+------------+------------+------------+------------+------------------+--------+

Clock sysclk to Pad
-----------------+-----------------+------------+-----------------+------------+------------------+--------+
                 |Max (slowest) clk|  Process   |Min (fastest) clk|  Process   |                  | Clock  |
Destination      |  (edge) to PAD  |   Corner   |  (edge) to PAD  |   Corner   |Internal Clock(s) | Phase  |
-----------------+-----------------+------------+-----------------+------------+------------------+--------+
an<0>            |        11.919(R)|      SLOW  |         4.539(R)|      FAST  |sysclk_BUFGP      |   0.000|
an<1>            |        12.163(R)|      SLOW  |         4.655(R)|      FAST  |sysclk_BUFGP      |   0.000|
an<2>            |        12.035(R)|      SLOW  |         4.606(R)|      FAST  |sysclk_BUFGP      |   0.000|
an<3>            |        12.080(R)|      SLOW  |         4.672(R)|      FAST  |sysclk_BUFGP      |   0.000|
cath<0>          |        15.593(R)|      SLOW  |         5.198(R)|      FAST  |sysclk_BUFGP      |   0.000|
                 |        11.935(F)|      SLOW  |         5.402(F)|      FAST  |sysclk_BUFGP      |   0.000|
cath<1>          |        15.514(R)|      SLOW  |         5.147(R)|      FAST  |sysclk_BUFGP      |   0.000|
                 |        11.856(F)|      SLOW  |         5.351(F)|      FAST  |sysclk_BUFGP      |   0.000|
cath<2>          |        15.334(R)|      SLOW  |         5.332(R)|      FAST  |sysclk_BUFGP      |   0.000|
                 |        12.472(F)|      SLOW  |         5.407(F)|      FAST  |sysclk_BUFGP      |   0.000|
cath<3>          |        15.631(R)|      SLOW  |         5.383(R)|      FAST  |sysclk_BUFGP      |   0.000|
                 |        12.289(F)|      SLOW  |         5.476(F)|      FAST  |sysclk_BUFGP      |   0.000|
cath<4>          |        15.206(R)|      SLOW  |         5.323(R)|      FAST  |sysclk_BUFGP      |   0.000|
                 |        12.307(F)|      SLOW  |         5.370(F)|      FAST  |sysclk_BUFGP      |   0.000|
cath<5>          |        15.283(R)|      SLOW  |         5.334(R)|      FAST  |sysclk_BUFGP      |   0.000|
                 |        12.421(F)|      SLOW  |         5.409(F)|      FAST  |sysclk_BUFGP      |   0.000|
cath<6>          |        15.631(R)|      SLOW  |         5.407(R)|      FAST  |sysclk_BUFGP      |   0.000|
                 |        12.289(F)|      SLOW  |         5.500(F)|      FAST  |sysclk_BUFGP      |   0.000|
led_alarm_buzzing|         8.847(R)|      SLOW  |         4.755(R)|      FAST  |sysclk_BUFGP      |   0.000|
led_alarm_on     |         7.482(R)|      SLOW  |         3.896(R)|      FAST  |sysclk_BUFGP      |   0.000|
sel_out<0>       |         9.700(R)|      SLOW  |         5.335(R)|      FAST  |sysclk_BUFGP      |   0.000|
sel_out<1>       |         9.563(R)|      SLOW  |         5.241(R)|      FAST  |sysclk_BUFGP      |   0.000|
sel_out<2>       |        10.357(R)|      SLOW  |         5.422(R)|      FAST  |sysclk_BUFGP      |   0.000|
-----------------+-----------------+------------+-----------------+------------+------------------+--------+

Clock to Setup on destination clock sysclk
---------------+---------+---------+---------+---------+
               | Src:Rise| Src:Fall| Src:Rise| Src:Fall|
Source Clock   |Dest:Rise|Dest:Rise|Dest:Fall|Dest:Fall|
---------------+---------+---------+---------+---------+
sysclk         |    7.001|         |    1.821|         |
---------------+---------+---------+---------+---------+


Analysis completed Wed Dec 21 16:35:38 2016 
--------------------------------------------------------------------------------

Trace Settings:
-------------------------
Trace Settings 

Peak Memory Usage: 244 MB



